This file contains any messages produced by compilers while
running configure, to aid debugging if configure makes a mistake.

It was created by GAMMA configure 4.1.0, which was
generated by GNU Autoconf 2.53a.  Invocation command line was

  $ ./configure 

## --------- ##
## Platform. ##
## --------- ##

hostname = JANIE
uname -m = i686
uname -r = 1.3.15(0.63/3/2)
uname -s = CYGWIN_NT-5.0
uname -v = 2002-11-07 13:57

/usr/bin/uname -p = unknown
/bin/uname -X     = unknown

/bin/arch              = unknown
/usr/bin/arch -k       = unknown
/usr/convex/getsysinfo = unknown
hostinfo               = unknown
/bin/machine           = unknown
/usr/bin/oslevel       = unknown
/bin/universe          = unknown

PATH: /usr/local/bin
PATH: /usr/bin
PATH: /bin
PATH: /cygdrive/c/WINNT2/system32
PATH: /cygdrive/c/WINNT2
PATH: /cygdrive/c/WINNT2/System32/Wbem
PATH: /cygdrive/c/Program Files/Common Files/Ulead Systems/MPEG
PATH: /usr/X11R6/bin


## ----------- ##
## Core tests. ##
## ----------- ##

configure:1452: checking for a BSD-compatible install
configure:1506: result: /usr/bin/install -c
configure:1517: checking whether build environment is sane
configure:1560: result: yes
configure:1585: WARNING: `missing' script is too old or missing
configure:1593: checking for gawk
configure:1609: found /usr/bin/gawk
configure:1619: result: gawk
configure:1629: checking whether make sets ${MAKE}
configure:1649: result: yes
configure:1859: checking for gcc
configure:1875: found /usr/bin/gcc
configure:1885: result: gcc
configure:2127: checking for C compiler version
configure:2130: gcc --version </dev/null >&5
gcc (GCC) 3.2 20020927 (prerelease)
Copyright (C) 2002 Free Software Foundation, Inc.
This is free software; see the source for copying conditions.  There is NO
warranty; not even for MERCHANTABILITY or FITNESS FOR A PARTICULAR PURPOSE.

configure:2133: $? = 0
configure:2135: gcc -v </dev/null >&5
Reading specs from /usr/lib/gcc-lib/i686-pc-cygwin/3.2/specs
Configured with: /netrel/src/gcc-3.2-2/configure --enable-languages=c,c++,f77,java --enable-libgcj --enable-threads=posix --with-system-zlib --enable-nls --without-included-gettext --enable-interpreter --disable-sjlj-exceptions --disable-version-specific-runtime-libs --enable-shared --build=i686-pc-linux --host=i686-pc-cygwin --target=i686-pc-cygwin --enable-haifa --prefix=/usr --exec-prefix=/usr --sysconfdir=/etc --libdir=/usr/lib --includedir=/nonexistent/include --libexecdir=/usr/sbin
Thread model: posix
gcc version 3.2 20020927 (prerelease)
configure:2138: $? = 0
configure:2140: gcc -V </dev/null >&5
gcc: argument to `-V' is missing
configure:2143: $? = 1
configure:2169: checking for C compiler default output
configure:2172: gcc    conftest.c  >&5
configure:2175: $? = 0
configure:2208: result: a.exe
configure:2213: checking whether the C compiler works
configure:2219: ./a.exe
configure:2222: $? = 0
configure:2237: result: yes
configure:2244: checking whether we are cross compiling
configure:2246: result: no
configure:2249: checking for suffix of executables
configure:2251: gcc -o conftest.exe    conftest.c  >&5
configure:2254: $? = 0
configure:2276: result: .exe
configure:2282: checking for suffix of object files
configure:2306: gcc -c   conftest.c >&5
configure:2309: $? = 0
configure:2328: result: o
configure:2332: checking whether we are using the GNU C compiler
configure:2359: gcc -c   conftest.c >&5
configure:2362: $? = 0
configure:2365: test -s conftest.o
configure:2368: $? = 0
configure:2380: result: yes
configure:2386: checking whether gcc accepts -g
configure:2410: gcc -c -g  conftest.c >&5
configure:2413: $? = 0
configure:2416: test -s conftest.o
configure:2419: $? = 0
configure:2429: result: yes
configure:2446: checking for gcc option to accept ANSI C
configure:2509: gcc  -c -g -O2  conftest.c >&5
configure:2512: $? = 0
configure:2515: test -s conftest.o
configure:2518: $? = 0
configure:2535: result: none needed
configure:2553: gcc -c -g -O2  conftest.c >&5
conftest.c:2: parse error before "me"
configure:2556: $? = 1
configure: failed program was:
#ifndef __cplusplus
  choke me
#endif
configure:2685: checking for style of include used by make
configure:2713: result: GNU
configure:2741: checking dependency style of gcc
configure:2803: result: none
configure:2812: checking how to run the C preprocessor
configure:2838: gcc -E  conftest.c
configure:2844: $? = 0
configure:2871: gcc -E  conftest.c
configure:2867:28: ac_nonexistent.h: No such file or directory
configure:2877: $? = 1
configure: failed program was:
#line 2866 "configure"
#include "confdefs.h"
#include <ac_nonexistent.h>
configure:2914: result: gcc -E
configure:2929: gcc -E  conftest.c
configure:2935: $? = 0
configure:2962: gcc -E  conftest.c
configure:2958:28: ac_nonexistent.h: No such file or directory
configure:2968: $? = 1
configure: failed program was:
#line 2957 "configure"
#include "confdefs.h"
#include <ac_nonexistent.h>
configure:3058: checking for g++
configure:3074: found /usr/bin/g++
configure:3084: result: g++
configure:3100: checking for C++ compiler version
configure:3103: g++ --version </dev/null >&5
g++ (GCC) 3.2 20020927 (prerelease)
Copyright (C) 2002 Free Software Foundation, Inc.
This is free software; see the source for copying conditions.  There is NO
warranty; not even for MERCHANTABILITY or FITNESS FOR A PARTICULAR PURPOSE.

configure:3106: $? = 0
configure:3108: g++ -v </dev/null >&5
Reading specs from /usr/lib/gcc-lib/i686-pc-cygwin/3.2/specs
Configured with: /netrel/src/gcc-3.2-2/configure --enable-languages=c,c++,f77,java --enable-libgcj --enable-threads=posix --with-system-zlib --enable-nls --without-included-gettext --enable-interpreter --disable-sjlj-exceptions --disable-version-specific-runtime-libs --enable-shared --build=i686-pc-linux --host=i686-pc-cygwin --target=i686-pc-cygwin --enable-haifa --prefix=/usr --exec-prefix=/usr --sysconfdir=/etc --libdir=/usr/lib --includedir=/nonexistent/include --libexecdir=/usr/sbin
Thread model: posix
gcc version 3.2 20020927 (prerelease)
configure:3111: $? = 0
configure:3113: g++ -V </dev/null >&5
g++: argument to `-V' missing

configure:3116: $? = 1
configure:3119: checking whether we are using the GNU C++ compiler
configure:3146: g++ -c   conftest.cc >&5
configure:3149: $? = 0
configure:3152: test -s conftest.o
configure:3155: $? = 0
configure:3167: result: yes
configure:3173: checking whether g++ accepts -g
configure:3197: g++ -c -g  conftest.cc >&5
configure:3200: $? = 0
configure:3203: test -s conftest.o
configure:3206: $? = 0
configure:3216: result: yes
configure:3262: g++ -c -g -O2  conftest.cc >&5
configure:3265: $? = 0
configure:3268: test -s conftest.o
configure:3271: $? = 0
configure:3299: g++ -c -g -O2  conftest.cc >&5
configure: In function `int main()':
configure:3291: `exit' undeclared (first use this function)
configure:3291: (Each undeclared identifier is reported only once for each 
   function it appears in.)
configure:3302: $? = 1
configure: failed program was:
#line 3280 "configure"
#include "confdefs.h"

#ifdef F77_DUMMY_MAIN
#  ifdef __cplusplus
     extern "C"
#  endif
   int F77_DUMMY_MAIN() { return 1; }
#endif
int
main ()
{
exit (42);
  ;
  return 0;
}
configure:3262: g++ -c -g -O2  conftest.cc >&5
configure:3265: $? = 0
configure:3268: test -s conftest.o
configure:3271: $? = 0
configure:3299: g++ -c -g -O2  conftest.cc >&5
configure:3302: $? = 0
configure:3305: test -s conftest.o
configure:3308: $? = 0
configure:3332: checking dependency style of g++
configure:3394: result: none
configure:3403: checking how to run the C++ preprocessor
configure:3425: g++ -E  conftest.cc
configure:3431: $? = 0
configure:3458: g++ -E  conftest.cc
configure:3454:28: ac_nonexistent.h: No such file or directory
configure:3464: $? = 1
configure: failed program was:
#line 3453 "configure"
#include "confdefs.h"
#include <ac_nonexistent.h>
configure:3501: result: g++ -E
configure:3516: g++ -E  conftest.cc
configure:3522: $? = 0
configure:3549: g++ -E  conftest.cc
configure:3545:28: ac_nonexistent.h: No such file or directory
configure:3555: $? = 1
configure: failed program was:
#line 3544 "configure"
#include "confdefs.h"
#include <ac_nonexistent.h>
configure:3671: checking build system type
configure:3689: result: i686-pc-cygwin
configure:3697: checking host system type
configure:3711: result: i686-pc-cygwin
configure:3730: checking for ld used by GCC
configure:3794: result: /usr/i686-pc-cygwin/bin/ld.exe
configure:3803: checking if the linker (/usr/i686-pc-cygwin/bin/ld.exe) is GNU ld
GNU ld version 2.13.90 20021108
configure:3815: result: yes
configure:3820: checking for /usr/i686-pc-cygwin/bin/ld.exe option to reload object files
configure:3827: result: -r
configure:3836: checking for BSD-compatible nm
configure:3871: result: /usr/bin/nm -B
configure:3875: checking for a sed that does not truncate output
configure:3929: result: /usr/bin/sed
configure:3932: checking whether ln -s works
configure:3936: result: yes
configure:3943: checking how to recognise dependant libraries
configure:4133: result: file_magic file format pei*-i386(.*architecture: i386)?
configure:4275: checking for ANSI C header files
configure:4289: gcc -E  conftest.c
configure:4295: $? = 0
configure:4380: gcc -o conftest.exe -g -O2   conftest.c  >&5
configure:4383: $? = 0
configure:4385: ./conftest.exe
configure:4388: $? = 0
configure:4402: result: yes
configure:4426: checking for sys/types.h
configure:4439: gcc -c -g -O2  conftest.c >&5
configure:4442: $? = 0
configure:4445: test -s conftest.o
configure:4448: $? = 0
configure:4458: result: yes
configure:4426: checking for sys/stat.h
configure:4439: gcc -c -g -O2  conftest.c >&5
configure:4442: $? = 0
configure:4445: test -s conftest.o
configure:4448: $? = 0
configure:4458: result: yes
configure:4426: checking for stdlib.h
configure:4439: gcc -c -g -O2  conftest.c >&5
configure:4442: $? = 0
configure:4445: test -s conftest.o
configure:4448: $? = 0
configure:4458: result: yes
configure:4426: checking for string.h
configure:4439: gcc -c -g -O2  conftest.c >&5
configure:4442: $? = 0
configure:4445: test -s conftest.o
configure:4448: $? = 0
configure:4458: result: yes
configure:4426: checking for memory.h
configure:4439: gcc -c -g -O2  conftest.c >&5
configure:4442: $? = 0
configure:4445: test -s conftest.o
configure:4448: $? = 0
configure:4458: result: yes
configure:4426: checking for strings.h
configure:4439: gcc -c -g -O2  conftest.c >&5
configure:4442: $? = 0
configure:4445: test -s conftest.o
configure:4448: $? = 0
configure:4458: result: yes
configure:4426: checking for inttypes.h
configure:4439: gcc -c -g -O2  conftest.c >&5
configure:4467:22: inttypes.h: No such file or directory
configure:4442: $? = 1
configure: failed program was:
#line 4431 "configure"
#include "confdefs.h"
#include <stdio.h>
#if HAVE_SYS_TYPES_H
# include <sys/types.h>
#endif
#if HAVE_SYS_STAT_H
# include <sys/stat.h>
#endif
#if STDC_HEADERS
# include <stdlib.h>
# include <stddef.h>
#else
# if HAVE_STDLIB_H
#  include <stdlib.h>
# endif
#endif
#if HAVE_STRING_H
# if !STDC_HEADERS && HAVE_MEMORY_H
#  include <memory.h>
# endif
# include <string.h>
#endif
#if HAVE_STRINGS_H
# include <strings.h>
#endif
#if HAVE_INTTYPES_H
# include <inttypes.h>
#else
# if HAVE_STDINT_H
#  include <stdint.h>
# endif
#endif
#if HAVE_UNISTD_H
# include <unistd.h>
#endif

#include <inttypes.h>
configure:4458: result: no
configure:4426: checking for stdint.h
configure:4439: gcc -c -g -O2  conftest.c >&5
configure:4467:20: stdint.h: No such file or directory
configure:4442: $? = 1
configure: failed program was:
#line 4431 "configure"
#include "confdefs.h"
#include <stdio.h>
#if HAVE_SYS_TYPES_H
# include <sys/types.h>
#endif
#if HAVE_SYS_STAT_H
# include <sys/stat.h>
#endif
#if STDC_HEADERS
# include <stdlib.h>
# include <stddef.h>
#else
# if HAVE_STDLIB_H
#  include <stdlib.h>
# endif
#endif
#if HAVE_STRING_H
# if !STDC_HEADERS && HAVE_MEMORY_H
#  include <memory.h>
# endif
# include <string.h>
#endif
#if HAVE_STRINGS_H
# include <strings.h>
#endif
#if HAVE_INTTYPES_H
# include <inttypes.h>
#else
# if HAVE_STDINT_H
#  include <stdint.h>
# endif
#endif
#if HAVE_UNISTD_H
# include <unistd.h>
#endif

#include <stdint.h>
configure:4458: result: no
configure:4426: checking for unistd.h
configure:4439: gcc -c -g -O2  conftest.c >&5
configure:4442: $? = 0
configure:4445: test -s conftest.o
configure:4448: $? = 0
configure:4458: result: yes
configure:4484: checking dlfcn.h usability
configure:4493: gcc -c -g -O2  conftest.c >&5
configure:4496: $? = 0
configure:4499: test -s conftest.o
configure:4502: $? = 0
configure:4511: result: yes
configure:4515: checking dlfcn.h presence
configure:4522: gcc -E  conftest.c
configure:4528: $? = 0
configure:4546: result: yes
configure:4564: checking for dlfcn.h
configure:4571: result: yes
configure:4589: checking the maximum length of command line arguments
configure:4637: result: 8192
configure:4648: checking command to parse /usr/bin/nm -B output from gcc object
configure:4733: gcc -c -g -O2  conftest.c >&5
configure:4736: $? = 0
configure:4740: /usr/bin/nm -B conftest.o \| sed -n -e 's/^.*[ 	]\([ABCDGISTW][ABCDGISTW]*\)[ 	][ 	]*\(\)\([_A-Za-z][_A-Za-z0-9]*\)$/\1 \2\3 \3/p' \> conftest.nm
configure:4743: $? = 0
cannot find nm_test_var in conftest.nm
configure:4733: gcc -c -g -O2  conftest.c >&5
configure:4736: $? = 0
configure:4740: /usr/bin/nm -B conftest.o \| sed -n -e 's/^.*[ 	]\([ABCDGISTW][ABCDGISTW]*\)[ 	][ 	]*\(_\)\([_A-Za-z][_A-Za-z0-9]*\)$/\1 \2\3 \3/p' \> conftest.nm
configure:4743: $? = 0
configure:4795: gcc -o conftest.exe -g -O2   conftest.c conftstm.o >&5
configure:4798: $? = 0
configure:4836: result: ok
configure:4840: checking for objdir
configure:4855: result: .libs
configure:4945: checking for ranlib
configure:4961: found /usr/bin/ranlib
configure:4972: result: ranlib
configure:5025: checking for strip
configure:5041: found /usr/bin/strip
configure:5052: result: strip
configure:5315: checking if gcc static flag  works
configure:5338: result: yes
configure:5355: checking if gcc supports -fno-rtti -fno-exceptions
configure:5379: result: yes
configure:5394: checking for gcc option to produce PIC
configure:5543: result: 
configure:5598: checking if gcc supports -c -o file.o
configure:5639: result: yes
configure:5665: checking whether the gcc linker (/usr/i686-pc-cygwin/bin/ld.exe) supports shared libraries
configure:6481: result: yes
configure:6503: checking whether -lc should be explicitly linked in
configure:6508: gcc -c -g -O2  conftest.c >&5
configure:6511: $? = 0
configure:6525: gcc -shared conftest.o  -v -o ./conftest -Wl,--image-base=0x10000000 -Wl,--out-implib,conftest 2\>\&1 \| grep  -lc  \>/dev/null 2\>\&1
configure:6528: $? = 1
configure:6540: result: yes
configure:6546: checking how to hardcode library paths into programs
configure:6570: result: immediate
configure:6584: checking whether stripping libraries is possible
configure:6589: result: yes
configure:6596: checking dynamic linker characteristics
configure:7058: result: Win32 ld.exe
configure:7699: checking if libtool supports shared libraries
configure:7701: result: yes
configure:7704: checking whether to build shared libraries
configure:7725: result: yes
configure:7728: checking whether to build static libraries
configure:7732: result: yes
configure:14554: result: yes
configure:14574: checking for a BSD-compatible install
configure:14628: result: /usr/bin/install -c
configure:14657: checking sys/time.h usability
configure:14666: gcc -c -g -O2  conftest.c >&5
configure:14669: $? = 0
configure:14672: test -s conftest.o
configure:14675: $? = 0
configure:14684: result: yes
configure:14688: checking sys/time.h presence
configure:14695: gcc -E  conftest.c
configure:14701: $? = 0
configure:14719: result: yes
configure:14737: checking for sys/time.h
configure:14744: result: yes
configure:14648: checking for unistd.h
configure:14653: result: yes
configure:14759: checking for an ANSI C-conforming const
configure:14829: gcc -c -g -O2  conftest.c >&5
configure:14832: $? = 0
configure:14835: test -s conftest.o
configure:14838: $? = 0
configure:14848: result: yes
configure:14858: checking for inline
configure:14876: gcc -c -g -O2  conftest.c >&5
configure:14879: $? = 0
configure:14882: test -s conftest.o
configure:14885: $? = 0
configure:14896: result: inline
configure:14911: checking whether struct tm is in sys/time.h or time.h
configure:14937: gcc -c -g -O2  conftest.c >&5
configure:14940: $? = 0
configure:14943: test -s conftest.o
configure:14946: $? = 0
configure:14956: result: time.h
configure:14968: checking for error_at_line
configure:14992: gcc -o conftest.exe -g -O2   conftest.c  >&5
/cygdrive/c/DOCUME~1/sosi/LOCALS~1/Temp/ccAKnjhn.o(.text+0x4d): In function `main':
/cygdrive/c/gamma/gamma-4.1.0/configure:14984: undefined reference to `_error_at_line'
collect2: ld returned 1 exit status
configure:14995: $? = 1
configure: failed program was:
#line 14973 "configure"
#include "confdefs.h"

#ifdef F77_DUMMY_MAIN
#  ifdef __cplusplus
     extern "C"
#  endif
   int F77_DUMMY_MAIN() { return 1; }
#endif
int
main ()
{
error_at_line (0, 0, "", 0, "");
  ;
  return 0;
}
configure:15011: result: no
configure:15017: checking for ANSI C header files
configure:15144: result: yes
configure:15164: checking for floor
configure:15207: gcc -o conftest.exe -g -O2   conftest.c  >&5
configure:15210: $? = 0
configure:15213: test -s conftest.exe
configure:15216: $? = 0
configure:15226: result: yes
configure:15164: checking for getcwd
configure:15207: gcc -o conftest.exe -g -O2   conftest.c  >&5
configure:15210: $? = 0
configure:15213: test -s conftest.exe
configure:15216: $? = 0
configure:15226: result: yes
configure:15164: checking for mkdir
configure:15207: gcc -o conftest.exe -g -O2   conftest.c  >&5
configure:15210: $? = 0
configure:15213: test -s conftest.exe
configure:15216: $? = 0
configure:15226: result: yes
configure:15164: checking for pow
configure:15207: gcc -o conftest.exe -g -O2   conftest.c  >&5
configure:15210: $? = 0
configure:15213: test -s conftest.exe
configure:15216: $? = 0
configure:15226: result: yes
configure:15164: checking for select
configure:15207: gcc -o conftest.exe -g -O2   conftest.c  >&5
configure:15210: $? = 0
configure:15213: test -s conftest.exe
configure:15216: $? = 0
configure:15226: result: yes
configure:15164: checking for sqrt
configure:15207: gcc -o conftest.exe -g -O2   conftest.c  >&5
configure:15179: warning: conflicting types for built-in function `sqrt'
configure:15210: $? = 0
configure:15213: test -s conftest.exe
configure:15216: $? = 0
configure:15226: result: yes
configure:15164: checking for uname
configure:15207: gcc -o conftest.exe -g -O2   conftest.c  >&5
configure:15210: $? = 0
configure:15213: test -s conftest.exe
configure:15216: $? = 0
configure:15226: result: yes
configure:15362: creating ./config.status

## ---------------------- ##
## Running config.status. ##
## ---------------------- ##

This file was extended by GAMMA config.status 4.1.0, which was
generated by GNU Autoconf 2.53a.  Invocation command line was

  CONFIG_FILES    = 
  CONFIG_HEADERS  = 
  CONFIG_LINKS    = 
  CONFIG_COMMANDS = 
  $ ./config.status 

on JANIE

config.status:652: creating Makefile
config.status:652: creating gamma
config.status:652: creating make/MakeGen
config.status:652: creating make/MakeGam
config.status:652: creating make/MakeModGen
config.status:652: creating make/MakeModBin
config.status:777: executing depfiles commands

## ---------------- ##
## Cache variables. ##
## ---------------- ##

ac_cv_build=i686-pc-cygwin
ac_cv_build_alias=i686-pc-cygwin
ac_cv_c_compiler_gnu=yes
ac_cv_c_const=yes
ac_cv_c_inline=inline
ac_cv_cxx_compiler_gnu=yes
ac_cv_env_CC_set=
ac_cv_env_CC_value=
ac_cv_env_CFLAGS_set=
ac_cv_env_CFLAGS_value=
ac_cv_env_CPPFLAGS_set=
ac_cv_env_CPPFLAGS_value=
ac_cv_env_CPP_set=
ac_cv_env_CPP_value=
ac_cv_env_CXXCPP_set=
ac_cv_env_CXXCPP_value=
ac_cv_env_CXXFLAGS_set=
ac_cv_env_CXXFLAGS_value=
ac_cv_env_CXX_set=
ac_cv_env_CXX_value=
ac_cv_env_LDFLAGS_set=
ac_cv_env_LDFLAGS_value=
ac_cv_env_build_alias_set=
ac_cv_env_build_alias_value=
ac_cv_env_host_alias_set=
ac_cv_env_host_alias_value=
ac_cv_env_target_alias_set=
ac_cv_env_target_alias_value=
ac_cv_exeext=.exe
ac_cv_func_floor=yes
ac_cv_func_getcwd=yes
ac_cv_func_mkdir=yes
ac_cv_func_pow=yes
ac_cv_func_select=yes
ac_cv_func_sqrt=yes
ac_cv_func_uname=yes
ac_cv_header_dlfcn_h=yes
ac_cv_header_inttypes_h=no
ac_cv_header_memory_h=yes
ac_cv_header_stdc=yes
ac_cv_header_stdint_h=no
ac_cv_header_stdlib_h=yes
ac_cv_header_string_h=yes
ac_cv_header_strings_h=yes
ac_cv_header_sys_stat_h=yes
ac_cv_header_sys_time_h=yes
ac_cv_header_sys_types_h=yes
ac_cv_header_unistd_h=yes
ac_cv_host=i686-pc-cygwin
ac_cv_host_alias=i686-pc-cygwin
ac_cv_lib_error_at_line=no
ac_cv_objext=o
ac_cv_path_install='/usr/bin/install -c'
ac_cv_prog_AWK=gawk
ac_cv_prog_CPP='gcc -E'
ac_cv_prog_CXXCPP='g++ -E'
ac_cv_prog_ac_ct_CC=gcc
ac_cv_prog_ac_ct_CXX=g++
ac_cv_prog_ac_ct_RANLIB=ranlib
ac_cv_prog_ac_ct_STRIP=strip
ac_cv_prog_cc_g=yes
ac_cv_prog_cc_stdc=
ac_cv_prog_cxx_g=yes
ac_cv_prog_make_make_set=yes
ac_cv_struct_tm=time.h
am_cv_CC_dependencies_compiler_type=none
am_cv_CXX_dependencies_compiler_type=none
lt_cv_deplibs_check_method='file_magic file format pei*-i386(.*architecture: i386)?'
lt_cv_file_magic_cmd='$OBJDUMP -f'
lt_cv_file_magic_test_file=
lt_cv_ld_reload_flag=-r
lt_cv_objdir=.libs
lt_cv_path_LD=/usr/i686-pc-cygwin/bin/ld.exe
lt_cv_path_NM='/usr/bin/nm -B'
lt_cv_path_SED=/usr/bin/sed
lt_cv_prog_compiler_c_o=yes
lt_cv_prog_compiler_rtti_exceptions=yes
lt_cv_prog_gnu_ld=yes
lt_cv_sys_global_symbol_pipe='sed -n -e '\''s/^.*[ 	]\([ABCDGISTW][ABCDGISTW]*\)[ 	][ 	]*\(_\)\([_A-Za-z][_A-Za-z0-9]*\)$/\1 \2\3 \3/p'\'''
lt_cv_sys_global_symbol_to_c_name_address='sed -n -e '\''s/^: \([^ ]*\) $/  {\"\1\", (lt_ptr) 0},/p'\'' -e '\''s/^[BCDEGRST] \([^ ]*\) \([^ ]*\)$/  {"\2", (lt_ptr) \&\2},/p'\'''
lt_cv_sys_global_symbol_to_cdecl='sed -n -e '\''s/^. .* \(.*\)$/extern int \1;/p'\'''
lt_cv_sys_max_cmd_len=8192

## ----------- ##
## confdefs.h. ##
## ----------- ##

#define PACKAGE_NAME "GAMMA"
#define PACKAGE_TARNAME "gamma"
#define PACKAGE_VERSION "4.1.0"
#define PACKAGE_STRING "GAMMA 4.1.0"
#define PACKAGE_BUGREPORT "gamma@magnet.fsu.edu"
#define PACKAGE "gamma"
#define VERSION "4.1.0"
#ifdef __cplusplus
#include <stdlib.h>
#endif
#define STDC_HEADERS 1
#define HAVE_SYS_TYPES_H 1
#define HAVE_SYS_STAT_H 1
#define HAVE_STDLIB_H 1
#define HAVE_STRING_H 1
#define HAVE_MEMORY_H 1
#define HAVE_STRINGS_H 1
#define HAVE_UNISTD_H 1
#define HAVE_DLFCN_H 1
#define HAVE_SYS_TIME_H 1
#define HAVE_UNISTD_H 1
#define STDC_HEADERS 1
#define HAVE_FLOOR 1
#define HAVE_GETCWD 1
#define HAVE_MKDIR 1
#define HAVE_POW 1
#define HAVE_SELECT 1
#define HAVE_SQRT 1
#define HAVE_UNAME 1

configure: exit 0
